LM-X End-user Utility v3.32
Copyright (C) 2002-2010 X-Formation. All rights reserved.

++++++++++++++++++++++++++++++++++++++++
LM-X License Server on 27000@DIRWIN001:

Server version: v4.8.9 Uptime: 15 day(s) 21 hour(s) 24 min(s) 47 sec(s)
----------------------------------------
Feature: ACCELERATEDTESTING Version: 22.0 Vendor: HBMUK
Start date: 2019-03-22 Expire date: NONE
Key type: ADDITIVE 

0 of 1 license(s) used
----------------------------------------
Feature: AUTOMATION Version: 22.0 Vendor: HBMUK
Start date: 2019-03-22 Expire date: NONE
Key type: ADDITIVE 

0 of 2 license(s) used
----------------------------------------
Feature: CAESTRESS Version: 22.0 Vendor: HBMUK
Start date: 2019-03-22 Expire date: NONE
Key type: ADDITIVE 

0 of 1 license(s) used
----------------------------------------
Feature: CAEVIBRATION Version: 22.0 Vendor: HBMUK
Start date: 2019-03-22 Expire date: NONE
Key type: ADDITIVE 

0 of 1 license(s) used
----------------------------------------
Feature: DESIGNLIFE Version: 22.0 Vendor: HBMUK
Start date: 2019-03-22 Expire date: NONE
Key type: ADDITIVE 

0 of 1 license(s) used
----------------------------------------
Feature: DESKTOP Version: 22.0 Vendor: HBMUK
Start date: 2019-03-22 Expire date: NONE
Key type: ADDITIVE 

2 of 2 license(s) used:

1 license(s) used by i0213673@i0213673W0723 [10.32.159.192]
  Login time: 2020-04-12 17:59   Checkout time: 2020-04-12 17:59 

1 license(s) used by youngil.leem@2634075W0326 [10.32.159.173]
  Login time: 2020-04-14 08:55   Checkout time: 2020-04-14 08:55 
----------------------------------------
Feature: FATIGUE Version: 22.0 Vendor: HBMUK
Start date: 2019-03-22 Expire date: NONE
Key type: ADDITIVE 

1 of 2 license(s) used:

1 license(s) used by i0213673@i0213673W0723 [10.32.159.192]
  Login time: 2020-04-12 17:59   Checkout time: 2020-04-13 10:21 
----------------------------------------
Feature: FATIGUEEDITING Version: 22.0 Vendor: HBMUK
Start date: 2019-03-22 Expire date: NONE
Key type: ADDITIVE 

0 of 2 license(s) used
----------------------------------------
Feature: FEDISPLAY Version: 22.0 Vendor: HBMUK
Start date: 2019-03-22 Expire date: NONE
Key type: ADDITIVE 

0 of 1 license(s) used
----------------------------------------
Feature: FREQUENCY Version: 22.0 Vendor: HBMUK
Start date: 2019-03-22 Expire date: NONE
Key type: ADDITIVE 

0 of 2 license(s) used
----------------------------------------
Feature: FUNDAMENTALS Version: 22.0 Vendor: HBMUK
Start date: 2019-03-22 Expire date: NONE
Key type: ADDITIVE 

2 of 2 license(s) used:

1 license(s) used by i0213673@i0213673W0723 [10.32.159.192]
  Login time: 2020-04-12 17:59   Checkout time: 2020-04-12 17:59 

1 license(s) used by youngil.leem@2634075W0326 [10.32.159.173]
  Login time: 2020-04-14 08:55   Checkout time: 2020-04-14 08:55 
----------------------------------------
Feature: GLYPHBUILDER Version: 22.0 Vendor: HBMUK
Start date: 2019-03-22 Expire date: NONE
Key type: ADDITIVE 

0 of 1 license(s) used
----------------------------------------
Feature: LICENSEINFORMATION_NC Version: 1.0 Vendor: HBMUK
Start date: NONE Expire date: NONE
Key type: ADDITIVE License sharing: HOST USER CUSTOM VIRTUAL

0 of unlimited license(s) used
----------------------------------------
Feature: MEDIADISPLAY Version: 22.0 Vendor: HBMUK
Start date: 2019-03-22 Expire date: NONE
Key type: ADDITIVE 

1 of 1 license(s) used:

1 license(s) used by jaehwa.chung@jaehwacW0322 [10.32.159.130]
  Login time: 2020-04-10 16:39   Checkout time: 2020-04-10 16:39 
----------------------------------------
Feature: SIGNAL Version: 22.0 Vendor: HBMUK
Start date: 2019-03-22 Expire date: NONE
Key type: ADDITIVE 

1 of 2 license(s) used:

1 license(s) used by i0213673@i0213673W0723 [10.32.159.192]
  Login time: 2020-04-12 17:59   Checkout time: 2020-04-13 10:21 
LM-X End-user Utility v3.32
Copyright (C) 2002-2010 X-Formation. All rights reserved.

++++++++++++++++++++++++++++++++++++++++
LM-X License Server on 6220@DIRWIN002:

Server version: v4.8.9 Uptime: 15 day(s) 21 hour(s) 22 min(s) 56 sec(s)
----------------------------------------
Feature: AUTOMATION Version: 22.0 Vendor: HBMUK
Start date: 2019-04-11 Expire date: NONE
Key type: ADDITIVE 

0 of 1 license(s) used
----------------------------------------
Feature: DESKTOP Version: 22.0 Vendor: HBMUK
Start date: 2019-04-11 Expire date: NONE
Key type: ADDITIVE 

0 of 1 license(s) used
----------------------------------------
Feature: FATIGUE Version: 22.0 Vendor: HBMUK
Start date: 2019-04-11 Expire date: NONE
Key type: ADDITIVE 

0 of 1 license(s) used
----------------------------------------
Feature: FATIGUEEDITING Version: 22.0 Vendor: HBMUK
Start date: 2019-04-11 Expire date: NONE
Key type: ADDITIVE 

0 of 1 license(s) used
----------------------------------------
Feature: FUNDAMENTALS Version: 22.0 Vendor: HBMUK
Start date: 2019-04-11 Expire date: NONE
Key type: ADDITIVE 

0 of 1 license(s) used
----------------------------------------
Feature: LICENSEINFORMATION_NC Version: 1.0 Vendor: HBMUK
Start date: NONE Expire date: NONE
Key type: ADDITIVE License sharing: HOST USER CUSTOM VIRTUAL

0 of unlimited license(s) used
----------------------------------------
Feature: SIGNAL Version: 22.0 Vendor: HBMUK
Start date: 2019-04-11 Expire date: NONE
Key type: ADDITIVE 

0 of 1 license(s) used
LM-X End-user Utility v3.32
Copyright (C) 2002-2010 X-Formation. All rights reserved.

++++++++++++++++++++++++++++++++++++++++
LM-X License Server on 6200@DIRWIN001:

Server version: v5.0 Uptime: 15 day(s) 21 hour(s) 24 min(s) 30 sec(s)
----------------------------------------
Feature: GlobalZoneAP Version: 19.0 Vendor: ALTAIR
Start date: 2019-12-19 Expire date: 2021-01-03
Key type: EXCLUSIVE License sharing: CUSTOM VIRTUAL

355000 of 588360 license(s) used:

21000 license(s) used by i0193344@i0193344W0527 [10.32.160.35]
  Login time: 2020-03-29 11:36   Checkout time: 2020-03-29 11:36 
  Shared on custom string: i0193344:i0193344W0527 

21000 license(s) used by i0193344@i0193344W0527 [10.32.160.35]
  Login time: 2020-03-29 11:37   Checkout time: 2020-03-29 11:37 
  Shared on custom string: i0193344:i0193344W0527 

21000 license(s) used by haesang.j@haesang-jeongW2 [10.32.160.175]
  Login time: 2020-04-01 10:57   Checkout time: 2020-04-01 10:57 
  Shared on custom string: haesang.j:haesang-jeongW2 

21000 license(s) used by i0193344@i0193344W0527 [10.32.160.35]
  Login time: 2020-04-01 11:02   Checkout time: 2020-04-01 11:02 
  Shared on custom string: i0193344:i0193344W0527 

21000 license(s) used by haesang.j@haesang-jeongW2 [10.32.160.175]
  Login time: 2020-04-01 12:14   Checkout time: 2020-04-01 12:14 
  Shared on custom string: haesang.j:haesang-jeongW2 

21000 license(s) used by i0212496@i0212496W0113 [10.32.160.123]
  Login time: 2020-04-02 14:11   Checkout time: 2020-04-02 14:11 
  Shared on custom string: i0212496:i0212496W0113 

21000 license(s) used by i0212496@i0212496W0113 [10.32.160.123]
  Login time: 2020-04-03 15:36   Checkout time: 2020-04-03 15:36 
  Shared on custom string: i0212496:i0212496W0113 

25000 license(s) used by ikhyun1.kim@ikhyunkimW0724 [10.32.160.176]
  Login time: 2020-04-03 15:57   Checkout time: 2020-04-03 15:57 
  Shared on custom string: ikhyun1.kim:ikhyunkimW0724 

21000 license(s) used by dongseok.k@2633945W0321 [10.32.160.186]
  Login time: 2020-04-06 13:33   Checkout time: 2020-04-06 13:33 
  Shared on custom string: dongseok.k:2633945W0321 

21000 license(s) used by dongseok.k@2633945W0321 [10.32.160.186]
  Login time: 2020-04-06 15:11   Checkout time: 2020-04-06 15:11 
  Shared on custom string: dongseok.k:2633945W0321 

21000 license(s) used by dongseok.k@2633945W0321 [10.32.160.186]
  Login time: 2020-04-07 13:37   Checkout time: 2020-04-07 13:37 
  Shared on custom string: dongseok.k:2633945W0321 

21000 license(s) used by i0211436@i0211436W0408 [10.32.160.59]
  Login time: 2020-04-08 10:41   Checkout time: 2020-04-08 10:41 
  Shared on custom string: i0211436:i0211436W0408 

21000 license(s) used by dongseok.k@2633945W0321 [10.32.160.186]
  Login time: 2020-04-09 09:14   Checkout time: 2020-04-09 09:14 
  Shared on custom string: dongseok.k:2633945W0321 

21000 license(s) used by i0212496@i0212496W0113 [10.32.160.123]
  Login time: 2020-04-10 08:09   Checkout time: 2020-04-10 08:09 
  Shared on custom string: i0212496:i0212496W0113 

21000 license(s) used by ikhyun1.kim@ikhyunkimW0724 [10.32.160.176]
  Login time: 2020-04-10 10:10   Checkout time: 2020-04-10 10:10 
  Shared on custom string: ikhyun1.kim:ikhyunkimW0724 

21000 license(s) used by ikhyun1.kim@ikhyunkimW0724 [10.32.160.176]
  Login time: 2020-04-10 13:25   Checkout time: 2020-04-10 13:25 
  Shared on custom string: ikhyun1.kim:ikhyunkimW0724 

21000 license(s) used by taekyung2.lee@taekyung2W0319 [10.32.160.197]
  Login time: 2020-04-13 07:59   Checkout time: 2020-04-13 07:59 
  Shared on custom string: taekyung2.lee:taekyung2W0319 

21000 license(s) used by i0212742@i0212742W1223 [10.32.160.50]
  Login time: 2020-04-13 08:16   Checkout time: 2020-04-13 08:16 
  Shared on custom string: i0212742:i0212742W1223 

21000 license(s) used by i0214336@i0214336W0618 [10.32.160.77]
  Login time: 2020-04-13 09:31   Checkout time: 2020-04-13 09:31 
  Shared on custom string: i0214336:i0214336W0618 

21000 license(s) used by taekyung2.lee@taekyung2W0319 [10.32.160.197]
  Login time: 2020-04-13 09:51   Checkout time: 2020-04-13 09:51 
  Shared on custom string: taekyung2.lee:taekyung2W0319 

21000 license(s) used by ikhyun1.kim@ikhyunkimW0724 [10.32.160.176]
  Login time: 2020-04-13 10:07   Checkout time: 2020-04-13 10:07 
  Shared on custom string: ikhyun1.kim:ikhyunkimW0724 

15000 license(s) used by i0212214@i0212214W0709 [10.32.160.60]
  Login time: 2020-04-13 13:48   Checkout time: 2020-04-13 13:48 
  Shared on custom string: i0212214:i0212214W0709 

21000 license(s) used by chansol.h@chansolhW0723 [10.32.159.40]
  Login time: 2020-04-13 13:54   Checkout time: 2020-04-13 13:54 
  Shared on custom string: chansol.h:chansolhW0723 

21000 license(s) used by ikhyun1.kim@ikhyunkimW0724 [10.32.160.176]
  Login time: 2020-04-13 15:10   Checkout time: 2020-04-13 15:10 
  Shared on custom string: ikhyun1.kim:ikhyunkimW0724 

21000 license(s) used by i0213194@i0213194w0708 [10.32.160.42]
  Login time: 2020-04-13 15:32   Checkout time: 2020-04-13 15:32 
  Shared on custom string: i0213194:i0213194w0708 

21000 license(s) used by ikhyun1.kim@ikhyunkimW0724 [10.32.160.176]
  Login time: 2020-04-13 15:47   Checkout time: 2020-04-13 15:47 
  Shared on custom string: ikhyun1.kim:ikhyunkimW0724 

21000 license(s) used by dongseok.k@2633945W0321 [10.32.160.186]
  Login time: 2020-04-13 15:51   Checkout time: 2020-04-13 15:51 
  Shared on custom string: dongseok.k:2633945W0321 

21000 license(s) used by taekyung2.lee@taekyung2W0319 [10.32.160.197]
  Login time: 2020-04-13 15:57   Checkout time: 2020-04-13 15:57 
  Shared on custom string: taekyung2.lee:taekyung2W0319 

21000 license(s) used by i0211491@i0211491W1219 [10.32.160.45]
  Login time: 2020-04-13 16:42   Checkout time: 2020-04-13 16:42 
  Shared on custom string: i0211491:i0211491W1219 

21000 license(s) used by i0211491@i0211491W1219 [10.32.160.45]
  Login time: 2020-04-13 16:59   Checkout time: 2020-04-13 16:59 
  Shared on custom string: i0211491:i0211491W1219 

21000 license(s) used by i0213194@i0213194w0708 [10.32.160.42]
  Login time: 2020-04-13 19:30   Checkout time: 2020-04-13 19:30 
  Shared on custom string: i0213194:i0213194w0708 

21000 license(s) used by i0213194@i0213194w0708 [10.32.160.42]
  Login time: 2020-04-13 19:37   Checkout time: 2020-04-13 19:37 
  Shared on custom string: i0213194:i0213194w0708 

21000 license(s) used by i0212405@i0212405W1113 [10.32.160.54]
  Login time: 2020-04-14 07:32   Checkout time: 2020-04-14 07:32 
  Shared on custom string: i0212405:i0212405W1113 

21000 license(s) used by hyeonjun.c@hyeonjuncW1023 [10.32.160.183]
  Login time: 2020-04-14 07:38   Checkout time: 2020-04-14 07:38 
  Shared on custom string: hyeonjun.c:hyeonjuncW1023 

5000 license(s) used by hyeonjun.c@hyeonjuncW1023 [10.32.160.183]
  Login time: 2020-04-14 07:38   Checkout time: 2020-04-14 07:39 
  Shared on custom string: hyeonjun.c:hyeonjuncW1023 

21000 license(s) used by i0193344@i0193344W0527 [10.32.160.35]
  Login time: 2020-04-14 08:05   Checkout time: 2020-04-14 08:05 
  Shared on custom string: i0193344:i0193344W0527 

21000 license(s) used by i0211491@i0211491W1219 [10.32.160.45]
  Login time: 2020-04-14 08:34   Checkout time: 2020-04-14 08:34 
  Shared on custom string: i0211491:i0211491W1219 

21000 license(s) used by i0200078@i0200078W1216 [10.32.159.38]
  Login time: 2020-04-14 08:40   Checkout time: 2020-04-14 08:40 
  Shared on custom string: i0200078:i0200078W1216 

21000 license(s) used by i0212405@i0212405W1113 [10.32.160.54]
  Login time: 2020-04-14 08:42   Checkout time: 2020-04-14 08:42 
  Shared on custom string: i0212405:i0212405W1113 

21000 license(s) used by i0212052@i0212052MW0826 [10.32.159.63]
  Login time: 2020-04-14 08:51   Checkout time: 2020-04-14 08:51 
  Shared on custom string: i0212052:i0212052MW0826 
----------------------------------------
Feature: HWAIFPBS Version: 19.0 Vendor: ALTAIR
Start date: 2019-12-19 Expire date: 2021-01-03
Key type: EXCLUSIVE License sharing: CUSTOM VIRTUAL

0 of 2147483647 license(s) used
----------------------------------------
Feature: HWAWPF Version: 19.0 Vendor: ALTAIR
Start date: 2019-12-19 Expire date: 2021-01-03
Key type: EXCLUSIVE License sharing: CUSTOM VIRTUAL

0 of 2147483647 license(s) used
----------------------------------------
Feature: HWActivate Version: 19.0 Vendor: ALTAIR
Start date: 2019-12-19 Expire date: 2021-01-03
Key type: EXCLUSIVE License sharing: CUSTOM VIRTUAL

0 of 2147483647 license(s) used
----------------------------------------
Feature: HWAcuconsole Version: 19.0 Vendor: ALTAIR
Start date: 2019-12-19 Expire date: 2021-01-03
Key type: EXCLUSIVE License sharing: CUSTOM VIRTUAL

0 of 2147483647 license(s) used
----------------------------------------
Feature: HWAcufieldview Version: 19.0 Vendor: ALTAIR
Start date: 2019-12-19 Expire date: 2021-01-03
Key type: EXCLUSIVE License sharing: CUSTOM VIRTUAL

0 of 2147483647 license(s) used
----------------------------------------
Feature: HWAcufwh Version: 19.0 Vendor: ALTAIR
Start date: 2019-12-19 Expire date: 2021-01-03
Key type: EXCLUSIVE License sharing: CUSTOM VIRTUAL

0 of 2147483647 license(s) used
----------------------------------------
Feature: HWAcumeshsim Version: 19.0 Vendor: ALTAIR
Start date: 2019-12-19 Expire date: 2021-01-03
Key type: EXCLUSIVE License sharing: CUSTOM VIRTUAL

0 of 2147483647 license(s) used
----------------------------------------
Feature: HWAcusolve Version: 19.0 Vendor: ALTAIR
Start date: 2019-12-19 Expire date: 2021-01-03
Key type: EXCLUSIVE License sharing: CUSTOM VIRTUAL

0 of 2147483647 license(s) used
----------------------------------------
Feature: HWAcutrace Version: 19.0 Vendor: ALTAIR
Start date: 2019-12-19 Expire date: 2021-01-03
Key type: EXCLUSIVE License sharing: CUSTOM VIRTUAL

0 of 2147483647 license(s) used
----------------------------------------
Feature: HWAcuview Version: 19.0 Vendor: ALTAIR
Start date: 2019-12-19 Expire date: 2021-01-03
Key type: EXCLUSIVE License sharing: CUSTOM VIRTUAL

0 of 2147483647 license(s) used
----------------------------------------
Feature: HWAltairBushingModel Version: 19.0 Vendor: ALTAIR
Start date: 2019-12-19 Expire date: 2021-01-03
Key type: EXCLUSIVE License sharing: CUSTOM VIRTUAL

0 of 2147483647 license(s) used
----------------------------------------
Feature: HWAnalyticsPBS Version: 19.0 Vendor: ALTAIR
Start date: 2019-12-19 Expire date: 2021-01-03
Key type: EXCLUSIVE License sharing: CUSTOM VIRTUAL

0 of 2147483647 license(s) used
----------------------------------------
Feature: HWAnalyticsUser Version: 19.0 Vendor: ALTAIR
Start date: 2019-12-19 Expire date: 2021-01-03
Key type: EXCLUSIVE License sharing: CUSTOM VIRTUAL

0 of 2147483647 license(s) used
----------------------------------------
Feature: HWAutomate Version: 19.0 Vendor: ALTAIR
Start date: 2019-12-19 Expire date: 2021-01-03
Key type: EXCLUSIVE License sharing: CUSTOM VIRTUAL

0 of 2147483647 license(s) used
----------------------------------------
Feature: HWBatchMesher Version: 19.0 Vendor: ALTAIR
Start date: 2019-12-19 Expire date: 2021-01-03
Key type: EXCLUSIVE License sharing: CUSTOM VIRTUAL

0 of 2147483647 license(s) used
----------------------------------------
Feature: HWClick2CastGUI Version: 19.0 Vendor: ALTAIR
Start date: 2019-12-19 Expire date: 2021-01-03
Key type: EXCLUSIVE License sharing: CUSTOM VIRTUAL

0 of 2147483647 license(s) used
----------------------------------------
Feature: HWClick2CastSolver Version: 19.0 Vendor: ALTAIR
Start date: 2019-12-19 Expire date: 2021-01-03
Key type: EXCLUSIVE License sharing: CUSTOM VIRTUAL

0 of 2147483647 license(s) used
----------------------------------------
Feature: HWClick2ExtrudeCalibSolver Version: 19.0 Vendor: ALTAIR
Start date: 2019-12-19 Expire date: 2021-01-03
Key type: EXCLUSIVE License sharing: CUSTOM VIRTUAL

0 of 2147483647 license(s) used
----------------------------------------
Feature: HWClick2ExtrudeProcess Version: 19.0 Vendor: ALTAIR
Start date: 2019-12-19 Expire date: 2021-01-03
Key type: EXCLUSIVE License sharing: CUSTOM VIRTUAL

0 of 2147483647 license(s) used
----------------------------------------
Feature: HWClick2ExtrudeQuenchingSolver Version: 19.0 Vendor: ALTAIR
Start date: 2019-12-19 Expire date: 2021-01-03
Key type: EXCLUSIVE License sharing: CUSTOM VIRTUAL

0 of 2147483647 license(s) used
----------------------------------------
Feature: HWClick2FormIncrGUI Version: 19.0 Vendor: ALTAIR
Start date: 2019-12-19 Expire date: 2021-01-03
Key type: EXCLUSIVE License sharing: CUSTOM VIRTUAL

0 of 2147483647 license(s) used
----------------------------------------
Feature: HWClick2FormOneStep Version: 19.0 Vendor: ALTAIR
Start date: 2019-12-19 Expire date: 2021-01-03
Key type: EXCLUSIVE License sharing: CUSTOM VIRTUAL

0 of 2147483647 license(s) used
----------------------------------------
Feature: HWClick2MoldGUI Version: 19.0 Vendor: ALTAIR
Start date: 2019-12-19 Expire date: 2021-01-03
Key type: EXCLUSIVE License sharing: CUSTOM VIRTUAL

0 of 2147483647 license(s) used
----------------------------------------
Feature: HWClick2MoldSolver Version: 19.0 Vendor: ALTAIR
Start date: 2019-12-19 Expire date: 2021-01-03
Key type: EXCLUSIVE License sharing: CUSTOM VIRTUAL

0 of 2147483647 license(s) used
----------------------------------------
Feature: HWCompose Version: 19.0 Vendor: ALTAIR
Start date: 2019-12-19 Expire date: 2021-01-03
Key type: EXCLUSIVE License sharing: CUSTOM VIRTUAL

5000 of 2147483647 license(s) used:

5000 license(s) used by hyeonjun.c@hyeonjuncW1023 [10.32.160.183]
  Login time: 2020-04-14 07:38   Checkout time: 2020-04-14 07:39 
  Shared on custom string: hyeonjun.c:hyeonjuncW1023:15500_173240352_1586817537_705273 
----------------------------------------
Feature: HWConnectMe Version: 19.0 Vendor: ALTAIR
Start date: 2019-12-19 Expire date: 2021-01-03
Key type: EXCLUSIVE License sharing: CUSTOM VIRTUAL

0 of 2147483647 license(s) used
----------------------------------------
Feature: HWDataManager Version: 19.0 Vendor: ALTAIR
Start date: 2019-12-19 Expire date: 2021-01-03
Key type: EXCLUSIVE License sharing: CUSTOM VIRTUAL

0 of 2147483647 license(s) used
----------------------------------------
Feature: HWDistributedLoadMapper Version: 19.0 Vendor: ALTAIR
Start date: 2019-12-19 Expire date: 2021-01-03
Key type: EXCLUSIVE License sharing: CUSTOM VIRTUAL

0 of 2147483647 license(s) used
----------------------------------------
Feature: HWEComputeManager Version: 19.0 Vendor: ALTAIR
Start date: 2019-12-19 Expire date: 2021-01-03
Key type: EXCLUSIVE License sharing: CUSTOM VIRTUAL

0 of 2147483647 license(s) used
----------------------------------------
Feature: HWEDataManager Version: 19.0 Vendor: ALTAIR
Start date: 2019-12-19 Expire date: 2021-01-03
Key type: EXCLUSIVE License sharing: CUSTOM VIRTUAL

0 of 2147483647 license(s) used
----------------------------------------
Feature: HWEDisplayManager Version: 19.0 Vendor: ALTAIR
Start date: 2019-12-19 Expire date: 2021-01-03
Key type: EXCLUSIVE License sharing: CUSTOM VIRTUAL

0 of 2147483647 license(s) used
----------------------------------------
Feature: HWEProcessManager Version: 19.0 Vendor: ALTAIR
Start date: 2019-12-19 Expire date: 2021-01-03
Key type: EXCLUSIVE License sharing: CUSTOM VIRTUAL

0 of 2147483647 license(s) used
----------------------------------------
Feature: HWEProcessManagerApp Version: 19.0 Vendor: ALTAIR
Start date: 2019-12-19 Expire date: 2021-01-03
Key type: EXCLUSIVE License sharing: CUSTOM VIRTUAL

0 of 2147483647 license(s) used
----------------------------------------
Feature: HWEResultsManager Version: 19.0 Vendor: ALTAIR
Start date: 2019-12-19 Expire date: 2021-01-03
Key type: EXCLUSIVE License sharing: CUSTOM VIRTUAL

0 of 2147483647 license(s) used
----------------------------------------
Feature: HWESAComp Version: 19.0 Vendor: ALTAIR
Start date: 2019-12-19 Expire date: 2021-01-03
Key type: EXCLUSIVE License sharing: CUSTOM VIRTUAL

0 of 2147483647 license(s) used
----------------------------------------
Feature: HWESimulationManager Version: 19.0 Vendor: ALTAIR
Start date: 2019-12-19 Expire date: 2021-01-03
Key type: EXCLUSIVE License sharing: CUSTOM VIRTUAL

0 of 2147483647 license(s) used
----------------------------------------
Feature: HWElectroFloGUI Version: 19.0 Vendor: ALTAIR
Start date: 2019-12-19 Expire date: 2021-01-03
Key type: EXCLUSIVE License sharing: CUSTOM VIRTUAL

0 of 2147483647 license(s) used
----------------------------------------
Feature: HWElectroFloSolver Version: 19.0 Vendor: ALTAIR
Start date: 2019-12-19 Expire date: 2021-01-03
Key type: EXCLUSIVE License sharing: CUSTOM VIRTUAL

0 of 2147483647 license(s) used
----------------------------------------
Feature: HWEmbedCodeGen Version: 19.0 Vendor: ALTAIR
Start date: 2019-12-19 Expire date: 2021-01-03
Key type: EXCLUSIVE License sharing: CUSTOM VIRTUAL

0 of 2147483647 license(s) used
----------------------------------------
Feature: HWEmbedDigitalPower Version: 19.0 Vendor: ALTAIR
Start date: 2019-12-19 Expire date: 2021-01-03
Key type: EXCLUSIVE License sharing: CUSTOM VIRTUAL

0 of 2147483647 license(s) used
----------------------------------------
Feature: HWEmbedSimulation Version: 19.0 Vendor: ALTAIR
Start date: 2019-12-19 Expire date: 2021-01-03
Key type: EXCLUSIVE License sharing: CUSTOM VIRTUAL

0 of 2147483647 license(s) used
----------------------------------------
Feature: HWEnterpriseFoundation1 Version: 19.0 Vendor: ALTAIR
Start date: 2019-12-19 Expire date: 2021-01-03
Key type: EXCLUSIVE License sharing: CUSTOM VIRTUAL

0 of 2147483647 license(s) used
----------------------------------------
Feature: HWEnvisionBase Version: 19.0 Vendor: ALTAIR
Start date: 2019-12-19 Expire date: 2021-01-03
Key type: EXCLUSIVE License sharing: CUSTOM VIRTUAL

0 of 2147483647 license(s) used
----------------------------------------
Feature: HWEnvisionUserFloat Version: 19.0 Vendor: ALTAIR
Start date: 2019-12-19 Expire date: 2021-01-03
Key type: EXCLUSIVE License sharing: CUSTOM VIRTUAL

0 of 2147483647 license(s) used
----------------------------------------
Feature: HWEvolve Version: 19.0 Vendor: ALTAIR
Start date: 2019-12-19 Expire date: 2021-01-03
Key type: EXCLUSIVE License sharing: CUSTOM VIRTUAL

0 of 2147483647 license(s) used
----------------------------------------
Feature: HWFlux2D Version: 19.0 Vendor: ALTAIR
Start date: 2019-12-19 Expire date: 2021-01-03
Key type: EXCLUSIVE License sharing: CUSTOM VIRTUAL

0 of 2147483647 license(s) used
----------------------------------------
Feature: HWFluxGUI Version: 19.0 Vendor: ALTAIR
Start date: 2019-12-19 Expire date: 2021-01-03
Key type: EXCLUSIVE License sharing: CUSTOM VIRTUAL

0 of 2147483647 license(s) used
----------------------------------------
Feature: HWFluxMotor Version: 19.0 Vendor: ALTAIR
Start date: 2019-12-19 Expire date: 2021-01-03
Key type: EXCLUSIVE License sharing: CUSTOM VIRTUAL

0 of 2147483647 license(s) used
----------------------------------------
Feature: HWFluxSolver Version: 19.0 Vendor: ALTAIR
Start date: 2019-12-19 Expire date: 2021-01-03
Key type: EXCLUSIVE License sharing: CUSTOM VIRTUAL

0 of 2147483647 license(s) used
----------------------------------------
Feature: HWHQBA Version: 19.0 Vendor: ALTAIR
Start date: 2019-12-19 Expire date: 2021-01-03
Key type: EXCLUSIVE License sharing: CUSTOM VIRTUAL

0 of 2147483647 license(s) used
----------------------------------------
Feature: HWHQBC Version: 19.0 Vendor: ALTAIR
Start date: 2019-12-19 Expire date: 2021-01-03
Key type: EXCLUSIVE License sharing: CUSTOM VIRTUAL

0 of 2147483647 license(s) used
----------------------------------------
Feature: HWHQBO Version: 19.0 Vendor: ALTAIR
Start date: 2019-12-19 Expire date: 2021-01-03
Key type: EXCLUSIVE License sharing: CUSTOM VIRTUAL

0 of 2147483647 license(s) used
----------------------------------------
Feature: HWHQBV Version: 19.0 Vendor: ALTAIR
Start date: 2019-12-19 Expire date: 2021-01-03
Key type: EXCLUSIVE License sharing: CUSTOM VIRTUAL

0 of 2147483647 license(s) used
----------------------------------------
Feature: HWHQBW Version: 19.0 Vendor: ALTAIR
Start date: 2019-12-19 Expire date: 2021-01-03
Key type: EXCLUSIVE License sharing: CUSTOM VIRTUAL

0 of 2147483647 license(s) used
----------------------------------------
Feature: HWHXProcess Version: 19.0 Vendor: ALTAIR
Start date: 2019-12-19 Expire date: 2021-01-03
Key type: EXCLUSIVE License sharing: CUSTOM VIRTUAL

0 of 2147483647 license(s) used
----------------------------------------
Feature: HWHyperCrash Version: 19.0 Vendor: ALTAIR
Start date: 2019-12-19 Expire date: 2021-01-03
Key type: EXCLUSIVE License sharing: CUSTOM VIRTUAL

0 of 2147483647 license(s) used
----------------------------------------
Feature: HWHyperFormSolver Version: 19.0 Vendor: ALTAIR
Start date: 2019-12-19 Expire date: 2021-01-03
Key type: EXCLUSIVE License sharing: CUSTOM VIRTUAL

0 of 2147483647 license(s) used
----------------------------------------
Feature: HWHyperGraph Version: 19.0 Vendor: ALTAIR
Start date: 2019-12-19 Expire date: 2021-01-03
Key type: EXCLUSIVE License sharing: CUSTOM VIRTUAL

0 of 2147483647 license(s) used
----------------------------------------
Feature: HWHyperGraph3D Version: 19.0 Vendor: ALTAIR
Start date: 2019-12-19 Expire date: 2021-01-03
Key type: EXCLUSIVE License sharing: CUSTOM VIRTUAL

0 of 2147483647 license(s) used
----------------------------------------
Feature: HWHyperGraphTrans Version: 19.0 Vendor: ALTAIR
Start date: 2019-12-19 Expire date: 2021-01-03
Key type: EXCLUSIVE License sharing: CUSTOM VIRTUAL

0 of 2147483647 license(s) used
----------------------------------------
Feature: HWHyperLife Version: 19.0 Vendor: ALTAIR
Start date: 2019-12-19 Expire date: 2021-01-03
Key type: EXCLUSIVE License sharing: CUSTOM VIRTUAL

0 of 2147483647 license(s) used
----------------------------------------
Feature: HWHyperMath Version: 19.0 Vendor: ALTAIR
Start date: 2019-12-19 Expire date: 2021-01-03
Key type: EXCLUSIVE License sharing: CUSTOM VIRTUAL

0 of 2147483647 license(s) used
----------------------------------------
Feature: HWHyperMesh Version: 19.0 Vendor: ALTAIR
Start date: 2019-12-19 Expire date: 2021-01-03
Key type: EXCLUSIVE License sharing: CUSTOM VIRTUAL

546000 of 2147483647 license(s) used:

21000 license(s) used by i0193344@i0193344W0527 [10.32.160.35]
  Login time: 2020-03-29 11:37   Checkout time: 2020-03-29 11:37 
  Shared on custom string: i0193344:i0193344W0527:34436_93520016_1585105222_127338 

21000 license(s) used by haesang.j@haesang-jeongW2 [10.32.160.175]
  Login time: 2020-04-01 10:57   Checkout time: 2020-04-01 10:57 
  Shared on custom string: haesang.j:haesang-jeongW2:19572_269156480_1585706271_321664 

21000 license(s) used by i0193344@i0193344W0527 [10.32.160.35]
  Login time: 2020-04-01 11:02   Checkout time: 2020-04-01 11:02 
  Shared on custom string: i0193344:i0193344W0527:53012_91288656_1585706526_119088 

21000 license(s) used by i0212496@i0212496W0113 [10.32.160.123]
  Login time: 2020-04-02 14:11   Checkout time: 2020-04-02 14:11 
  Shared on custom string: i0212496:i0212496W0113:15552_33178544_1585783031_639921 

21000 license(s) used by dongseok.k@2633945W0321 [10.32.160.186]
  Login time: 2020-04-06 13:33   Checkout time: 2020-04-06 13:33 
  Shared on custom string: dongseok.k:2633945W0321:38400_-1009262560_1586147581_199035 

21000 license(s) used by dongseok.k@2633945W0321 [10.32.160.186]
  Login time: 2020-04-06 15:11   Checkout time: 2020-04-06 15:11 
  Shared on custom string: dongseok.k:2633945W0321:36312_26181648_1586153497_949 

21000 license(s) used by dongseok.k@2633945W0321 [10.32.160.186]
  Login time: 2020-04-07 13:37   Checkout time: 2020-04-07 13:37 
  Shared on custom string: dongseok.k:2633945W0321:40820_-1736347616_1586234262_284261 

21000 license(s) used by i0211436@i0211436W0408 [10.32.160.59]
  Login time: 2020-04-08 10:41   Checkout time: 2020-04-08 10:41 
  Shared on custom string: i0211436:i0211436W0408:17484_269156480_1586310113_707785 

21000 license(s) used by dongseok.k@2633945W0321 [10.32.160.186]
  Login time: 2020-04-09 09:14   Checkout time: 2020-04-09 09:14 
  Shared on custom string: dongseok.k:2633945W0321:44416_42979344_1586391237_405006 

21000 license(s) used by i0212496@i0212496W0113 [10.32.160.123]
  Login time: 2020-04-10 08:09   Checkout time: 2020-04-10 08:09 
  Shared on custom string: i0212496:i0212496W0113:63028_43278768_1586473778_954357 

21000 license(s) used by taekyung2.lee@taekyung2W0319 [10.32.160.197]
  Login time: 2020-04-13 07:59   Checkout time: 2020-04-13 07:59 
  Shared on custom string: taekyung2.lee:taekyung2W0319:22484_67133584_1586732369_782630 

21000 license(s) used by i0212742@i0212742W1223 [10.32.160.50]
  Login time: 2020-04-13 08:16   Checkout time: 2020-04-13 08:16 
  Shared on custom string: i0212742:i0212742W1223:43148_86327360_1586733415_879833 

21000 license(s) used by i0214336@i0214336W0618 [10.32.160.77]
  Login time: 2020-04-13 09:31   Checkout time: 2020-04-13 09:31 
  Shared on custom string: i0214336:i0214336W0618:29244_-1271005216_1586737861_764088 

21000 license(s) used by taekyung2.lee@taekyung2W0319 [10.32.160.197]
  Login time: 2020-04-13 09:51   Checkout time: 2020-04-13 09:51 
  Shared on custom string: taekyung2.lee:taekyung2W0319:28292_269156480_1586739067_66255 

21000 license(s) used by ikhyun1.kim@ikhyunkimW0724 [10.32.160.176]
  Login time: 2020-04-13 10:07   Checkout time: 2020-04-13 10:07 
  Shared on custom string: ikhyun1.kim:ikhyunkimW0724:40820_963303216_1586740038_416150 

21000 license(s) used by chansol.h@chansolhW0723 [10.32.159.40]
  Login time: 2020-04-13 13:54   Checkout time: 2020-04-13 13:54 
  Shared on custom string: chansol.h:chansolhW0723:26132_109843456_1586753673_865810 

21000 license(s) used by ikhyun1.kim@ikhyunkimW0724 [10.32.160.176]
  Login time: 2020-04-13 15:10   Checkout time: 2020-04-13 15:10 
  Shared on custom string: ikhyun1.kim:ikhyunkimW0724:35044_-1672348512_1586758225_779032 

21000 license(s) used by taekyung2.lee@taekyung2W0319 [10.32.160.197]
  Login time: 2020-04-13 15:57   Checkout time: 2020-04-13 15:57 
  Shared on custom string: taekyung2.lee:taekyung2W0319:24864_269156480_1586761071_78856 

21000 license(s) used by i0211491@i0211491W1219 [10.32.160.45]
  Login time: 2020-04-13 16:59   Checkout time: 2020-04-13 16:59 
  Shared on custom string: i0211491:i0211491W1219:10184_71991808_1586764765_345182 

21000 license(s) used by i0213194@i0213194w0708 [10.32.160.42]
  Login time: 2020-04-13 19:30   Checkout time: 2020-04-13 19:30 
  Shared on custom string: i0213194:i0213194w0708:21896_269729840_1586773808_103753 

21000 license(s) used by i0212405@i0212405W1113 [10.32.160.54]
  Login time: 2020-04-14 07:32   Checkout time: 2020-04-14 07:32 
  Shared on custom string: i0212405:i0212405W1113:10996_38524208_1586817169_421678 

21000 license(s) used by i0193344@i0193344W0527 [10.32.160.35]
  Login time: 2020-04-14 08:05   Checkout time: 2020-04-14 08:05 
  Shared on custom string: i0193344:i0193344W0527:41756_90895440_1586819130_465423 

21000 license(s) used by i0211491@i0211491W1219 [10.32.160.45]
  Login time: 2020-04-14 08:34   Checkout time: 2020-04-14 08:34 
  Shared on custom string: i0211491:i0211491W1219:14892_107626256_1586820854_107277 

21000 license(s) used by i0200078@i0200078W1216 [10.32.159.38]
  Login time: 2020-04-14 08:40   Checkout time: 2020-04-14 08:40 
  Shared on custom string: i0200078:i0200078W1216:7492_347488960_1586821218_714048 

21000 license(s) used by i0212405@i0212405W1113 [10.32.160.54]
  Login time: 2020-04-14 08:42   Checkout time: 2020-04-14 08:42 
  Shared on custom string: i0212405:i0212405W1113:17360_65732400_1586821372_148709 

21000 license(s) used by i0212052@i0212052MW0826 [10.32.159.63]
  Login time: 2020-04-14 08:51   Checkout time: 2020-04-14 08:51 
  Shared on custom string: i0212052:i0212052MW0826:40152_-1674857968_1586821872_383579 
----------------------------------------
Feature: HWHyperStudy Version: 19.0 Vendor: ALTAIR
Start date: 2019-12-19 Expire date: 2021-01-03
Key type: EXCLUSIVE License sharing: CUSTOM VIRTUAL

25000 of 2147483647 license(s) used:

25000 license(s) used by ikhyun1.kim@ikhyunkimW0724 [10.32.160.176]
  Login time: 2020-04-03 15:57   Checkout time: 2020-04-03 15:57 
  Shared on custom string: ikhyun1.kim:ikhyunkimW0724:25160_-1239791120_1585879220_333467 
----------------------------------------
Feature: HWHyperStudyOEMPBS Version: 19.0 Vendor: ALTAIR
Start date: 2019-12-19 Expire date: 2021-01-03
Key type: EXCLUSIVE License sharing: CUSTOM VIRTUAL

0 of 2147483647 license(s) used
----------------------------------------
Feature: HWHyperStudyPiFill Version: 19.0 Vendor: ALTAIR
Start date: 2019-12-19 Expire date: 2021-01-03
Key type: EXCLUSIVE License sharing: CUSTOM VIRTUAL

0 of 2147483647 license(s) used
----------------------------------------
Feature: HWHyperStudyPiFit Version: 19.0 Vendor: ALTAIR
Start date: 2019-12-19 Expire date: 2021-01-03
Key type: EXCLUSIVE License sharing: CUSTOM VIRTUAL

0 of 2147483647 license(s) used
----------------------------------------
Feature: HWHyperStudyPiOpt Version: 19.0 Vendor: ALTAIR
Start date: 2019-12-19 Expire date: 2021-01-03
Key type: EXCLUSIVE License sharing: CUSTOM VIRTUAL

0 of 2147483647 license(s) used
----------------------------------------
Feature: HWHyperView Version: 19.0 Vendor: ALTAIR
Start date: 2019-12-19 Expire date: 2021-01-03
Key type: EXCLUSIVE License sharing: CUSTOM VIRTUAL

210000 of 2147483647 license(s) used:

21000 license(s) used by i0193344@i0193344W0527 [10.32.160.35]
  Login time: 2020-03-29 11:36   Checkout time: 2020-03-29 11:36 
  Shared on custom string: i0193344:i0193344W0527:26832_248643712_1585101936_342017 

21000 license(s) used by haesang.j@haesang-jeongW2 [10.32.160.175]
  Login time: 2020-04-01 12:14   Checkout time: 2020-04-01 12:14 
  Shared on custom string: haesang.j:haesang-jeongW2:19572_1022560768_1585710864_885953 

21000 license(s) used by i0212496@i0212496W0113 [10.32.160.123]
  Login time: 2020-04-03 15:36   Checkout time: 2020-04-03 15:36 
  Shared on custom string: i0212496:i0212496W0113:40688_151107104_1585895779_631389 

21000 license(s) used by ikhyun1.kim@ikhyunkimW0724 [10.32.160.176]
  Login time: 2020-04-10 10:10   Checkout time: 2020-04-10 10:10 
  Shared on custom string: ikhyun1.kim:ikhyunkimW0724:36268_1100335152_1586481038_944770 

21000 license(s) used by ikhyun1.kim@ikhyunkimW0724 [10.32.160.176]
  Login time: 2020-04-10 13:25   Checkout time: 2020-04-10 13:25 
  Shared on custom string: ikhyun1.kim:ikhyunkimW0724:33600_2102243408_1586492707_39539 

21000 license(s) used by i0213194@i0213194w0708 [10.32.160.42]
  Login time: 2020-04-13 15:32   Checkout time: 2020-04-13 15:32 
  Shared on custom string: i0213194:i0213194w0708:23060_269770768_1586759551_744920 

21000 license(s) used by ikhyun1.kim@ikhyunkimW0724 [10.32.160.176]
  Login time: 2020-04-13 15:47   Checkout time: 2020-04-13 15:47 
  Shared on custom string: ikhyun1.kim:ikhyunkimW0724:9068_565218896_1586760460_201752 

21000 license(s) used by dongseok.k@2633945W0321 [10.32.160.186]
  Login time: 2020-04-13 15:51   Checkout time: 2020-04-13 15:51 
  Shared on custom string: dongseok.k:2633945W0321:52132_-361805072_1586760691_161860 

21000 license(s) used by i0211491@i0211491W1219 [10.32.160.45]
  Login time: 2020-04-13 16:42   Checkout time: 2020-04-13 16:42 
  Shared on custom string: i0211491:i0211491W1219:6900_-896596480_1586763741_223411 

21000 license(s) used by i0213194@i0213194w0708 [10.32.160.42]
  Login time: 2020-04-13 19:37   Checkout time: 2020-04-13 19:37 
  Shared on custom string: i0213194:i0213194w0708:21656_249389072_1586774254_763524 
----------------------------------------
Feature: HWHyperViewTrans Version: 19.0 Vendor: ALTAIR
Start date: 2019-12-19 Expire date: 2021-01-03
Key type: EXCLUSIVE License sharing: CUSTOM VIRTUAL

0 of 2147483647 license(s) used
----------------------------------------
Feature: HWHyperXtrudeBasicFEA Version: 19.0 Vendor: ALTAIR
Start date: 2019-12-19 Expire date: 2021-01-03
Key type: EXCLUSIVE License sharing: CUSTOM VIRTUAL

0 of 2147483647 license(s) used
----------------------------------------
Feature: HWHyperXtrudeFEA Version: 19.0 Vendor: ALTAIR
Start date: 2019-12-19 Expire date: 2021-01-03
Key type: EXCLUSIVE License sharing: CUSTOM VIRTUAL

0 of 2147483647 license(s) used
----------------------------------------
Feature: HWHyperXtrudeGUI Version: 19.0 Vendor: ALTAIR
Start date: 2019-12-19 Expire date: 2021-01-03
Key type: EXCLUSIVE License sharing: CUSTOM VIRTUAL

0 of 2147483647 license(s) used
----------------------------------------
Feature: HWInspire Version: 19.0 Vendor: ALTAIR
Start date: 2019-12-19 Expire date: 2021-01-03
Key type: EXCLUSIVE License sharing: CUSTOM VIRTUAL

15000 of 2147483647 license(s) used:

15000 license(s) used by i0212214@i0212214W0709 [10.32.160.60]
  Login time: 2020-04-13 13:48   Checkout time: 2020-04-13 13:48 
  Shared on custom string: i0212214:i0212214W0709:1436_-1448538048_1586753335_739241 
----------------------------------------
Feature: HWInspireBase Version: 19.0 Vendor: ALTAIR
Start date: 2019-12-19 Expire date: 2021-01-03
Key type: EXCLUSIVE License sharing: CUSTOM VIRTUAL

0 of 2147483647 license(s) used
----------------------------------------
Feature: HWInspireCastGUI Version: 19.0 Vendor: ALTAIR
Start date: 2019-12-19 Expire date: 2021-01-03
Key type: EXCLUSIVE License sharing: CUSTOM VIRTUAL

0 of 2147483647 license(s) used
----------------------------------------
Feature: HWInspireCastSolver Version: 19.0 Vendor: ALTAIR
Start date: 2019-12-19 Expire date: 2021-01-03
Key type: EXCLUSIVE License sharing: CUSTOM VIRTUAL

0 of 2147483647 license(s) used
----------------------------------------
Feature: HWInspireCasting Version: 19.0 Vendor: ALTAIR
Start date: 2019-12-19 Expire date: 2021-01-03
Key type: EXCLUSIVE License sharing: CUSTOM VIRTUAL

0 of 2147483647 license(s) used
----------------------------------------
Feature: HWInspireExtrudeGUI Version: 19.0 Vendor: ALTAIR
Start date: 2019-12-19 Expire date: 2021-01-03
Key type: EXCLUSIVE License sharing: CUSTOM VIRTUAL

0 of 2147483647 license(s) used
----------------------------------------
Feature: HWInspireExtrudeSolver Version: 19.0 Vendor: ALTAIR
Start date: 2019-12-19 Expire date: 2021-01-03
Key type: EXCLUSIVE License sharing: CUSTOM VIRTUAL

0 of 2147483647 license(s) used
----------------------------------------
Feature: HWInspireFormIncrGUI Version: 19.0 Vendor: ALTAIR
Start date: 2019-12-19 Expire date: 2021-01-03
Key type: EXCLUSIVE License sharing: CUSTOM VIRTUAL

0 of 2147483647 license(s) used
----------------------------------------
Feature: HWInspireFormIncrSolver Version: 19.0 Vendor: ALTAIR
Start date: 2019-12-19 Expire date: 2021-01-03
Key type: EXCLUSIVE License sharing: CUSTOM VIRTUAL

0 of 2147483647 license(s) used
----------------------------------------
Feature: HWInspireFormOneStep Version: 19.0 Vendor: ALTAIR
Start date: 2019-12-19 Expire date: 2021-01-03
Key type: EXCLUSIVE License sharing: CUSTOM VIRTUAL

0 of 2147483647 license(s) used
----------------------------------------
Feature: HWInspireMoldGUI Version: 19.0 Vendor: ALTAIR
Start date: 2019-12-19 Expire date: 2021-01-03
Key type: EXCLUSIVE License sharing: CUSTOM VIRTUAL

0 of 2147483647 license(s) used
----------------------------------------
Feature: HWInspireMoldSolver Version: 19.0 Vendor: ALTAIR
Start date: 2019-12-19 Expire date: 2021-01-03
Key type: EXCLUSIVE License sharing: CUSTOM VIRTUAL

0 of 2147483647 license(s) used
----------------------------------------
Feature: HWInspireMotion Version: 19.0 Vendor: ALTAIR
Start date: 2019-12-19 Expire date: 2021-01-03
Key type: EXCLUSIVE License sharing: CUSTOM VIRTUAL

0 of 2147483647 license(s) used
----------------------------------------
Feature: HWInspireMotionsolveSolver Version: 19.0 Vendor: ALTAIR
Start date: 2019-12-19 Expire date: 2021-01-03
Key type: EXCLUSIVE License sharing: CUSTOM VIRTUAL

0 of 2147483647 license(s) used
----------------------------------------
Feature: HWInspireOptistructSolver Version: 19.0 Vendor: ALTAIR
Start date: 2019-12-19 Expire date: 2021-01-03
Key type: EXCLUSIVE License sharing: CUSTOM VIRTUAL

0 of 2147483647 license(s) used
----------------------------------------
Feature: HWInspirePrint3DSolver Version: 19.0 Vendor: ALTAIR
Start date: 2019-12-19 Expire date: 2021-01-03
Key type: EXCLUSIVE License sharing: CUSTOM VIRTUAL

0 of 2147483647 license(s) used
----------------------------------------
Feature: HWInspireRender Version: 19.0 Vendor: ALTAIR
Start date: 2019-12-19 Expire date: 2021-01-03
Key type: EXCLUSIVE License sharing: CUSTOM VIRTUAL

0 of 2147483647 license(s) used
----------------------------------------
Feature: HWInspireStampingOneStep Version: 19.0 Vendor: ALTAIR
Start date: 2019-12-19 Expire date: 2021-01-03
Key type: EXCLUSIVE License sharing: CUSTOM VIRTUAL

0 of 2147483647 license(s) used
----------------------------------------
Feature: HWInspireStatic Version: 19.0 Vendor: ALTAIR
Start date: 2019-12-19 Expire date: 2021-01-03
Key type: EXCLUSIVE License sharing: CUSTOM VIRTUAL

0 of 2147483647 license(s) used
----------------------------------------
Feature: HWInspireStudio Version: 19.0 Vendor: ALTAIR
Start date: 2019-12-19 Expire date: 2021-01-03
Key type: EXCLUSIVE License sharing: CUSTOM VIRTUAL

0 of 2147483647 license(s) used
----------------------------------------
Feature: HWInspireTopology Version: 19.0 Vendor: ALTAIR
Start date: 2019-12-19 Expire date: 2021-01-03
Key type: EXCLUSIVE License sharing: CUSTOM VIRTUAL

0 of 2147483647 license(s) used
----------------------------------------
Feature: HWInspired Version: 19.0 Vendor: ALTAIR
Start date: 2019-12-19 Expire date: 2021-01-03
Key type: EXCLUSIVE License sharing: CUSTOM VIRTUAL

0 of 2147483647 license(s) used
----------------------------------------
Feature: HWJSMMUser Version: 19.0 Vendor: ALTAIR
Start date: 2019-12-19 Expire date: 2021-01-03
Key type: EXCLUSIVE License sharing: CUSTOM VIRTUAL

0 of 2147483647 license(s) used
----------------------------------------
Feature: HWMDSPlugin Version: 19.0 Vendor: ALTAIR
Start date: 2019-12-19 Expire date: 2021-01-03
Key type: EXCLUSIVE License sharing: CUSTOM VIRTUAL

0 of 2147483647 license(s) used
----------------------------------------
Feature: HWMDSPro Version: 19.0 Vendor: ALTAIR
Start date: 2019-12-19 Expire date: 2021-01-03
Key type: EXCLUSIVE License sharing: CUSTOM VIRTUAL

0 of 2147483647 license(s) used
----------------------------------------
Feature: HWMatDB_SnR Version: 19.0 Vendor: ALTAIR
Start date: 2019-12-19 Expire date: 2021-01-03
Key type: EXCLUSIVE License sharing: CUSTOM VIRTUAL

0 of 2147483647 license(s) used
----------------------------------------
Feature: HWMediaView Version: 19.0 Vendor: ALTAIR
Start date: 2019-12-19 Expire date: 2021-01-03
Key type: EXCLUSIVE License sharing: CUSTOM VIRTUAL

0 of 2147483647 license(s) used
----------------------------------------
Feature: HWMotionSolve Version: 19.0 Vendor: ALTAIR
Start date: 2019-12-19 Expire date: 2021-01-03
Key type: EXCLUSIVE License sharing: CUSTOM VIRTUAL

0 of 2147483647 license(s) used
----------------------------------------
Feature: HWMotionView Version: 19.0 Vendor: ALTAIR
Start date: 2019-12-19 Expire date: 2021-01-03
Key type: EXCLUSIVE License sharing: CUSTOM VIRTUAL

0 of 2147483647 license(s) used
----------------------------------------
Feature: HWOPtiStructMulti Version: 19.0 Vendor: ALTAIR
Start date: 2019-12-19 Expire date: 2021-01-03
Key type: EXCLUSIVE License sharing: CUSTOM VIRTUAL

0 of 2147483647 license(s) used
----------------------------------------
Feature: HWOptiStruct Version: 19.0 Vendor: ALTAIR
Start date: 2019-12-19 Expire date: 2021-01-03
Key type: EXCLUSIVE License sharing: CUSTOM VIRTUAL

0 of 2147483647 license(s) used
----------------------------------------
Feature: HWOptiStructAdvA Version: 19.0 Vendor: ALTAIR
Start date: 2019-12-19 Expire date: 2021-01-03
Key type: EXCLUSIVE License sharing: CUSTOM VIRTUAL

0 of 2147483647 license(s) used
----------------------------------------
Feature: HWOptiStructCheck Version: 19.0 Vendor: ALTAIR
Start date: 2019-12-19 Expire date: 2021-01-03
Key type: EXCLUSIVE License sharing: CUSTOM VIRTUAL

0 of 2147483647 license(s) used
----------------------------------------
Feature: HWOptiStructFEA Version: 19.0 Vendor: ALTAIR
Start date: 2019-12-19 Expire date: 2021-01-03
Key type: EXCLUSIVE License sharing: CUSTOM VIRTUAL

0 of 2147483647 license(s) used
----------------------------------------
Feature: HWPBSProfessional Version: 19.0 Vendor: ALTAIR
Start date: 2019-12-19 Expire date: 2021-01-03
Key type: EXCLUSIVE License sharing: CUSTOM VIRTUAL

0 of 2147483647 license(s) used
----------------------------------------
Feature: HWPDataManager Version: 19.0 Vendor: ALTAIR
Start date: 2019-12-19 Expire date: 2021-01-03
Key type: EXCLUSIVE License sharing: CUSTOM VIRTUAL

0 of 2147483647 license(s) used
----------------------------------------
Feature: HWPPBSCluster Version: 19.0 Vendor: ALTAIR
Start date: 2019-12-19 Expire date: 2021-01-03
Key type: EXCLUSIVE License sharing: CUSTOM VIRTUAL

0 of 2147483647 license(s) used
----------------------------------------
Feature: HWPSO_AutoRpt Version: 19.0 Vendor: ALTAIR
Start date: 2019-12-19 Expire date: 2021-01-03
Key type: EXCLUSIVE License sharing: CUSTOM VIRTUAL

0 of 2147483647 license(s) used
----------------------------------------
Feature: HWPSO_DD Version: 19.0 Vendor: ALTAIR
Start date: 2019-12-19 Expire date: 2021-01-03
Key type: EXCLUSIVE License sharing: CUSTOM VIRTUAL

0 of 2147483647 license(s) used
----------------------------------------
Feature: HWPSO_GeoD Version: 19.0 Vendor: ALTAIR
Start date: 2019-12-19 Expire date: 2021-01-03
Key type: EXCLUSIVE License sharing: CUSTOM VIRTUAL

0 of 2147483647 license(s) used
----------------------------------------
Feature: HWPSO_ISAB Version: 19.0 Vendor: ALTAIR
Start date: 2019-12-19 Expire date: 2021-01-03
Key type: EXCLUSIVE License sharing: CUSTOM VIRTUAL

0 of 2147483647 license(s) used
----------------------------------------
Feature: HWPSO_ISC Version: 19.0 Vendor: ALTAIR
Start date: 2019-12-19 Expire date: 2021-01-03
Key type: EXCLUSIVE License sharing: CUSTOM VIRTUAL

0 of 2147483647 license(s) used
----------------------------------------
Feature: HWPSO_ISLS Version: 19.0 Vendor: ALTAIR
Start date: 2019-12-19 Expire date: 2021-01-03
Key type: EXCLUSIVE License sharing: CUSTOM VIRTUAL

0 of 2147483647 license(s) used
----------------------------------------
Feature: HWPSO_ISM Version: 19.0 Vendor: ALTAIR
Start date: 2019-12-19 Expire date: 2021-01-03
Key type: EXCLUSIVE License sharing: CUSTOM VIRTUAL

0 of 2147483647 license(s) used
----------------------------------------
Feature: HWPSO_MVD Version: 19.0 Vendor: ALTAIR
Start date: 2019-12-19 Expire date: 2021-01-03
Key type: EXCLUSIVE License sharing: CUSTOM VIRTUAL

0 of 2147483647 license(s) used
----------------------------------------
Feature: HWPSO_NVHD Version: 19.0 Vendor: ALTAIR
Start date: 2019-12-19 Expire date: 2021-01-03
Key type: EXCLUSIVE License sharing: CUSTOM VIRTUAL

0 of 2147483647 license(s) used
----------------------------------------
Feature: HWPSO_SNR Version: 19.0 Vendor: ALTAIR
Start date: 2019-12-19 Expire date: 2021-01-03
Key type: EXCLUSIVE License sharing: CUSTOM VIRTUAL

0 of 2147483647 license(s) used
----------------------------------------
Feature: HWPSO_VGD Version: 19.0 Vendor: ALTAIR
Start date: 2019-12-19 Expire date: 2021-01-03
Key type: EXCLUSIVE License sharing: CUSTOM VIRTUAL

0 of 2147483647 license(s) used
----------------------------------------
Feature: HWPSO_WAP Version: 19.0 Vendor: ALTAIR
Start date: 2019-12-19 Expire date: 2021-01-03
Key type: EXCLUSIVE License sharing: CUSTOM VIRTUAL

0 of 2147483647 license(s) used
----------------------------------------
Feature: HWPSO_WAS Version: 19.0 Vendor: ALTAIR
Start date: 2019-12-19 Expire date: 2021-01-03
Key type: EXCLUSIVE License sharing: CUSTOM VIRTUAL

0 of 2147483647 license(s) used
----------------------------------------
Feature: HWPSO_WCD Version: 19.0 Vendor: ALTAIR
Start date: 2019-12-19 Expire date: 2021-01-03
Key type: EXCLUSIVE License sharing: CUSTOM VIRTUAL

0 of 2147483647 license(s) used
----------------------------------------
Feature: HWProcessManagerApp Version: 19.0 Vendor: ALTAIR
Start date: 2019-12-19 Expire date: 2021-01-03
Key type: EXCLUSIVE License sharing: CUSTOM VIRTUAL

0 of 2147483647 license(s) used
----------------------------------------
Feature: HWProcessStudio Version: 19.0 Vendor: ALTAIR
Start date: 2019-12-19 Expire date: 2021-01-03
Key type: EXCLUSIVE License sharing: CUSTOM VIRTUAL

0 of 2147483647 license(s) used
----------------------------------------
Feature: HWPublish Version: 19.0 Vendor: ALTAIR
Start date: 2019-12-19 Expire date: 2021-01-03
Key type: EXCLUSIVE License sharing: CUSTOM VIRTUAL

0 of 2147483647 license(s) used
----------------------------------------
Feature: HWRadioss Version: 19.0 Vendor: ALTAIR
Start date: 2019-12-19 Expire date: 2021-01-03
Key type: EXCLUSIVE License sharing: CUSTOM VIRTUAL

0 of 2147483647 license(s) used
----------------------------------------
Feature: HWRadioss1Step Version: 19.0 Vendor: ALTAIR
Start date: 2019-12-19 Expire date: 2021-01-03
Key type: EXCLUSIVE License sharing: CUSTOM VIRTUAL

0 of 2147483647 license(s) used
----------------------------------------
Feature: HWRadiossA Version: 19.0 Vendor: ALTAIR
Start date: 2019-12-19 Expire date: 2021-01-03
Key type: EXCLUSIVE License sharing: CUSTOM VIRTUAL

0 of 2147483647 license(s) used
----------------------------------------
Feature: HWRadiossB Version: 19.0 Vendor: ALTAIR
Start date: 2019-12-19 Expire date: 2021-01-03
Key type: EXCLUSIVE License sharing: CUSTOM VIRTUAL

0 of 2147483647 license(s) used
----------------------------------------
Feature: HWRadiossCheck Version: 19.0 Vendor: ALTAIR
Start date: 2019-12-19 Expire date: 2021-01-03
Key type: EXCLUSIVE License sharing: CUSTOM VIRTUAL

0 of 2147483647 license(s) used
----------------------------------------
Feature: HWRadiossSafety Version: 19.0 Vendor: ALTAIR
Start date: 2019-12-19 Expire date: 2021-01-03
Key type: EXCLUSIVE License sharing: CUSTOM VIRTUAL

0 of 2147483647 license(s) used
----------------------------------------
Feature: HWScriptView Version: 19.0 Vendor: ALTAIR
Start date: 2019-12-19 Expire date: 2021-01-03
Key type: EXCLUSIVE License sharing: CUSTOM VIRTUAL

0 of 2147483647 license(s) used
----------------------------------------
Feature: HWSeamGUI Version: 19.0 Vendor: ALTAIR
Start date: 2019-12-19 Expire date: 2021-01-03
Key type: EXCLUSIVE License sharing: CUSTOM VIRTUAL

0 of 2147483647 license(s) used
----------------------------------------
Feature: HWSeamSolver Version: 19.0 Vendor: ALTAIR
Start date: 2019-12-19 Expire date: 2021-01-03
Key type: EXCLUSIVE License sharing: CUSTOM VIRTUAL

0 of 2147483647 license(s) used
----------------------------------------
Feature: HWSimLabAcusolveSolver Version: 19.0 Vendor: ALTAIR
Start date: 2019-12-19 Expire date: 2021-01-03
Key type: EXCLUSIVE License sharing: CUSTOM VIRTUAL

0 of 2147483647 license(s) used
----------------------------------------
Feature: HWSimLabAutomation Version: 19.0 Vendor: ALTAIR
Start date: 2019-12-19 Expire date: 2021-01-03
Key type: EXCLUSIVE License sharing: CUSTOM VIRTUAL

0 of 2147483647 license(s) used
----------------------------------------
Feature: HWSimLabFluxSolver Version: 19.0 Vendor: ALTAIR
Start date: 2019-12-19 Expire date: 2021-01-03
Key type: EXCLUSIVE License sharing: CUSTOM VIRTUAL

0 of 2147483647 license(s) used
----------------------------------------
Feature: HWSimLabOptistructSolver Version: 19.0 Vendor: ALTAIR
Start date: 2019-12-19 Expire date: 2021-01-03
Key type: EXCLUSIVE License sharing: CUSTOM VIRTUAL

0 of 2147483647 license(s) used
----------------------------------------
Feature: HWSimLabPoesisSolver Version: 19.0 Vendor: ALTAIR
Start date: 2019-12-19 Expire date: 2021-01-03
Key type: EXCLUSIVE License sharing: CUSTOM VIRTUAL

0 of 2147483647 license(s) used
----------------------------------------
Feature: HWSimLabPrePost Version: 19.0 Vendor: ALTAIR
Start date: 2019-12-19 Expire date: 2021-01-03
Key type: EXCLUSIVE License sharing: CUSTOM VIRTUAL

21000 of 2147483647 license(s) used:

21000 license(s) used by hyeonjun.c@hyeonjuncW1023 [10.32.160.183]
  Login time: 2020-04-14 07:38   Checkout time: 2020-04-14 07:38 
  Shared on custom string: hyeonjun.c:hyeonjuncW1023:12852_768856112_1586817517_722405 
----------------------------------------
Feature: HWSimLabRadiossSolver Version: 19.0 Vendor: ALTAIR
Start date: 2019-12-19 Expire date: 2021-01-03
Key type: EXCLUSIVE License sharing: CUSTOM VIRTUAL

0 of 2147483647 license(s) used
----------------------------------------
Feature: HWSimSolid Version: 19.0 Vendor: ALTAIR
Start date: 2019-12-19 Expire date: 2021-01-03
Key type: EXCLUSIVE License sharing: CUSTOM VIRTUAL

0 of 2147483647 license(s) used
----------------------------------------
Feature: HWTableView Version: 19.0 Vendor: ALTAIR
Start date: 2019-12-19 Expire date: 2021-01-03
Key type: EXCLUSIVE License sharing: CUSTOM VIRTUAL

0 of 2147483647 license(s) used
----------------------------------------
Feature: HWTemplex Version: 19.0 Vendor: ALTAIR
Start date: 2019-12-19 Expire date: 2021-01-03
Key type: EXCLUSIVE License sharing: CUSTOM VIRTUAL

0 of 2147483647 license(s) used
----------------------------------------
Feature: HWTextView Version: 19.0 Vendor: ALTAIR
Start date: 2019-12-19 Expire date: 2021-01-03
Key type: EXCLUSIVE License sharing: CUSTOM VIRTUAL

0 of 2147483647 license(s) used
----------------------------------------
Feature: HWVirtualWindTunnel Version: 19.0 Vendor: ALTAIR
Start date: 2019-12-19 Expire date: 2021-01-03
Key type: EXCLUSIVE License sharing: CUSTOM VIRTUAL

0 of 2147483647 license(s) used
----------------------------------------
Feature: HWnanoFluidX Version: 19.0 Vendor: ALTAIR
Start date: 2019-12-19 Expire date: 2021-01-03
Key type: EXCLUSIVE License sharing: CUSTOM VIRTUAL

0 of 2147483647 license(s) used
----------------------------------------
Feature: HWsolidThinking Version: 8.0 Vendor: ALTAIR
Start date: 2019-12-19 Expire date: 2021-01-03
Key type: EXCLUSIVE License sharing: CUSTOM VIRTUAL

0 of 2147483647 license(s) used
----------------------------------------
Feature: HWultraFluidX Version: 19.0 Vendor: ALTAIR
Start date: 2019-12-19 Expire date: 2021-01-03
Key type: EXCLUSIVE License sharing: CUSTOM VIRTUAL

0 of 2147483647 license(s) used
----------------------------------------
Feature: HyperWorks Version: 19.0 Vendor: ALTAIR
Start date: 2019-12-19 Expire date: 2021-01-03
Key type: EXCLUSIVE License sharing: CUSTOM VIRTUAL

355000 of 588360 license(s) used:

21000 license(s) used by i0193344@i0193344W0527 [10.32.160.35]
  Login time: 2020-03-29 11:36   Checkout time: 2020-03-29 11:36 
  Shared on custom string: i0193344:i0193344W0527 

21000 license(s) used by i0193344@i0193344W0527 [10.32.160.35]
  Login time: 2020-03-29 11:37   Checkout time: 2020-03-29 11:37 
  Shared on custom string: i0193344:i0193344W0527 

21000 license(s) used by haesang.j@haesang-jeongW2 [10.32.160.175]
  Login time: 2020-04-01 10:57   Checkout time: 2020-04-01 10:57 
  Shared on custom string: haesang.j:haesang-jeongW2 

21000 license(s) used by i0193344@i0193344W0527 [10.32.160.35]
  Login time: 2020-04-01 11:02   Checkout time: 2020-04-01 11:02 
  Shared on custom string: i0193344:i0193344W0527 

21000 license(s) used by haesang.j@haesang-jeongW2 [10.32.160.175]
  Login time: 2020-04-01 12:14   Checkout time: 2020-04-01 12:14 
  Shared on custom string: haesang.j:haesang-jeongW2 

21000 license(s) used by i0212496@i0212496W0113 [10.32.160.123]
  Login time: 2020-04-02 14:11   Checkout time: 2020-04-02 14:11 
  Shared on custom string: i0212496:i0212496W0113 

21000 license(s) used by i0212496@i0212496W0113 [10.32.160.123]
  Login time: 2020-04-03 15:36   Checkout time: 2020-04-03 15:36 
  Shared on custom string: i0212496:i0212496W0113 

25000 license(s) used by ikhyun1.kim@ikhyunkimW0724 [10.32.160.176]
  Login time: 2020-04-03 15:57   Checkout time: 2020-04-03 15:57 
  Shared on custom string: ikhyun1.kim:ikhyunkimW0724 

21000 license(s) used by dongseok.k@2633945W0321 [10.32.160.186]
  Login time: 2020-04-06 13:33   Checkout time: 2020-04-06 13:33 
  Shared on custom string: dongseok.k:2633945W0321 

21000 license(s) used by dongseok.k@2633945W0321 [10.32.160.186]
  Login time: 2020-04-06 15:11   Checkout time: 2020-04-06 15:11 
  Shared on custom string: dongseok.k:2633945W0321 

21000 license(s) used by dongseok.k@2633945W0321 [10.32.160.186]
  Login time: 2020-04-07 13:37   Checkout time: 2020-04-07 13:37 
  Shared on custom string: dongseok.k:2633945W0321 

21000 license(s) used by i0211436@i0211436W0408 [10.32.160.59]
  Login time: 2020-04-08 10:41   Checkout time: 2020-04-08 10:41 
  Shared on custom string: i0211436:i0211436W0408 

21000 license(s) used by dongseok.k@2633945W0321 [10.32.160.186]
  Login time: 2020-04-09 09:14   Checkout time: 2020-04-09 09:14 
  Shared on custom string: dongseok.k:2633945W0321 

21000 license(s) used by i0212496@i0212496W0113 [10.32.160.123]
  Login time: 2020-04-10 08:09   Checkout time: 2020-04-10 08:09 
  Shared on custom string: i0212496:i0212496W0113 

21000 license(s) used by ikhyun1.kim@ikhyunkimW0724 [10.32.160.176]
  Login time: 2020-04-10 10:10   Checkout time: 2020-04-10 10:10 
  Shared on custom string: ikhyun1.kim:ikhyunkimW0724 

21000 license(s) used by ikhyun1.kim@ikhyunkimW0724 [10.32.160.176]
  Login time: 2020-04-10 13:25   Checkout time: 2020-04-10 13:25 
  Shared on custom string: ikhyun1.kim:ikhyunkimW0724 

21000 license(s) used by taekyung2.lee@taekyung2W0319 [10.32.160.197]
  Login time: 2020-04-13 07:59   Checkout time: 2020-04-13 07:59 
  Shared on custom string: taekyung2.lee:taekyung2W0319 

21000 license(s) used by i0212742@i0212742W1223 [10.32.160.50]
  Login time: 2020-04-13 08:16   Checkout time: 2020-04-13 08:16 
  Shared on custom string: i0212742:i0212742W1223 

21000 license(s) used by i0214336@i0214336W0618 [10.32.160.77]
  Login time: 2020-04-13 09:31   Checkout time: 2020-04-13 09:31 
  Shared on custom string: i0214336:i0214336W0618 

21000 license(s) used by taekyung2.lee@taekyung2W0319 [10.32.160.197]
  Login time: 2020-04-13 09:51   Checkout time: 2020-04-13 09:51 
  Shared on custom string: taekyung2.lee:taekyung2W0319 

21000 license(s) used by ikhyun1.kim@ikhyunkimW0724 [10.32.160.176]
  Login time: 2020-04-13 10:07   Checkout time: 2020-04-13 10:07 
  Shared on custom string: ikhyun1.kim:ikhyunkimW0724 

15000 license(s) used by i0212214@i0212214W0709 [10.32.160.60]
  Login time: 2020-04-13 13:48   Checkout time: 2020-04-13 13:48 
  Shared on custom string: i0212214:i0212214W0709 

21000 license(s) used by chansol.h@chansolhW0723 [10.32.159.40]
  Login time: 2020-04-13 13:54   Checkout time: 2020-04-13 13:54 
  Shared on custom string: chansol.h:chansolhW0723 

21000 license(s) used by ikhyun1.kim@ikhyunkimW0724 [10.32.160.176]
  Login time: 2020-04-13 15:10   Checkout time: 2020-04-13 15:10 
  Shared on custom string: ikhyun1.kim:ikhyunkimW0724 

21000 license(s) used by i0213194@i0213194w0708 [10.32.160.42]
  Login time: 2020-04-13 15:32   Checkout time: 2020-04-13 15:32 
  Shared on custom string: i0213194:i0213194w0708 

21000 license(s) used by ikhyun1.kim@ikhyunkimW0724 [10.32.160.176]
  Login time: 2020-04-13 15:47   Checkout time: 2020-04-13 15:47 
  Shared on custom string: ikhyun1.kim:ikhyunkimW0724 

21000 license(s) used by dongseok.k@2633945W0321 [10.32.160.186]
  Login time: 2020-04-13 15:51   Checkout time: 2020-04-13 15:51 
  Shared on custom string: dongseok.k:2633945W0321 

21000 license(s) used by taekyung2.lee@taekyung2W0319 [10.32.160.197]
  Login time: 2020-04-13 15:57   Checkout time: 2020-04-13 15:57 
  Shared on custom string: taekyung2.lee:taekyung2W0319 

21000 license(s) used by i0211491@i0211491W1219 [10.32.160.45]
  Login time: 2020-04-13 16:42   Checkout time: 2020-04-13 16:42 
  Shared on custom string: i0211491:i0211491W1219 

21000 license(s) used by i0211491@i0211491W1219 [10.32.160.45]
  Login time: 2020-04-13 16:59   Checkout time: 2020-04-13 16:59 
  Shared on custom string: i0211491:i0211491W1219 

21000 license(s) used by i0213194@i0213194w0708 [10.32.160.42]
  Login time: 2020-04-13 19:30   Checkout time: 2020-04-13 19:30 
  Shared on custom string: i0213194:i0213194w0708 

21000 license(s) used by i0213194@i0213194w0708 [10.32.160.42]
  Login time: 2020-04-13 19:37   Checkout time: 2020-04-13 19:37 
  Shared on custom string: i0213194:i0213194w0708 

21000 license(s) used by i0212405@i0212405W1113 [10.32.160.54]
  Login time: 2020-04-14 07:32   Checkout time: 2020-04-14 07:32 
  Shared on custom string: i0212405:i0212405W1113 

21000 license(s) used by hyeonjun.c@hyeonjuncW1023 [10.32.160.183]
  Login time: 2020-04-14 07:38   Checkout time: 2020-04-14 07:38 
  Shared on custom string: hyeonjun.c:hyeonjuncW1023 

5000 license(s) used by hyeonjun.c@hyeonjuncW1023 [10.32.160.183]
  Login time: 2020-04-14 07:38   Checkout time: 2020-04-14 07:39 
  Shared on custom string: hyeonjun.c:hyeonjuncW1023 

21000 license(s) used by i0193344@i0193344W0527 [10.32.160.35]
  Login time: 2020-04-14 08:05   Checkout time: 2020-04-14 08:05 
  Shared on custom string: i0193344:i0193344W0527 

21000 license(s) used by i0211491@i0211491W1219 [10.32.160.45]
  Login time: 2020-04-14 08:34   Checkout time: 2020-04-14 08:34 
  Shared on custom string: i0211491:i0211491W1219 

21000 license(s) used by i0200078@i0200078W1216 [10.32.159.38]
  Login time: 2020-04-14 08:40   Checkout time: 2020-04-14 08:40 
  Shared on custom string: i0200078:i0200078W1216 

21000 license(s) used by i0212405@i0212405W1113 [10.32.160.54]
  Login time: 2020-04-14 08:42   Checkout time: 2020-04-14 08:42 
  Shared on custom string: i0212405:i0212405W1113 

21000 license(s) used by i0212052@i0212052MW0826 [10.32.159.63]
  Login time: 2020-04-14 08:51   Checkout time: 2020-04-14 08:51 
  Shared on custom string: i0212052:i0212052MW0826 
LM-X End-user Utility v3.32
Copyright (C) 2002-2010 X-Formation. All rights reserved.

++++++++++++++++++++++++++++++++++++++++
LM-X License Server on 6200@DIRWIN002:

Server version: v4.2.1 Uptime: 15 day(s) 21 hour(s) 22 min(s) 34 sec(s)
----------------------------------------
Feature: FEV_VIRTUAL_ENGINE__ADVCRANK Version: 27.2 Vendor: FEV
Start date: 2019-12-20 Expire date: 2020-06-30
Key type: EXCLUSIVE 

0 of 1 license(s) used
----------------------------------------
Feature: FEV_VIRTUAL_ENGINE__BASIC Version: 27.2 Vendor: FEV
Start date: 2019-12-20 Expire date: 2020-06-30
Key type: EXCLUSIVE 

0 of 4 license(s) used
----------------------------------------
Feature: FEV_VIRTUAL_ENGINE__GEAR Version: 27.2 Vendor: FEV
Start date: 2019-12-20 Expire date: 2020-06-30
Key type: EXCLUSIVE 

0 of 1 license(s) used
----------------------------------------
Feature: FEV_VIRTUAL_ENGINE__SOL_ADVCRANK Version: 27.2 Vendor: FEV
Start date: 2019-12-20 Expire date: 2020-06-30
Key type: EXCLUSIVE 

0 of 1 license(s) used
----------------------------------------
Feature: FEV_VIRTUAL_ENGINE__SOL_BASIC Version: 27.2 Vendor: FEV
Start date: 2019-12-20 Expire date: 2020-06-30
Key type: EXCLUSIVE 

0 of 4 license(s) used
----------------------------------------
Feature: FEV_VIRTUAL_ENGINE__SOL_GEAR Version: 27.2 Vendor: FEV
Start date: 2019-12-20 Expire date: 2020-06-30
Key type: EXCLUSIVE 

0 of 1 license(s) used
----------------------------------------
Feature: FEV_VIRTUAL_ENGINE__SOL_VTRAIN Version: 27.2 Vendor: FEV
Start date: 2019-12-20 Expire date: 2020-06-30
Key type: EXCLUSIVE 

0 of 2 license(s) used
----------------------------------------
Feature: FEV_VIRTUAL_ENGINE__VTRAIN Version: 27.2 Vendor: FEV
Start date: 2019-12-20 Expire date: 2020-06-30
Key type: EXCLUSIVE 

0 of 2 license(s) used
LM-X End-user Utility v3.32
Copyright (C) 2002-2010 X-Formation. All rights reserved.

++++++++++++++++++++++++++++++++++++++++
LM-X License Server on 6300@DIRWIN002:

Server version: v4.7.1 Uptime: 15 day(s) 21 hour(s) 22 min(s) 40 sec(s)
----------------------------------------
Feature: KULIA_advanced_cfd Version: 14.0 Vendor: MAGNAECS
Start date: 2018-10-24 Expire date: 2020-10-31
Key type: EXCLUSIVE License sharing: VIRTUAL

0 of 2 license(s) used
----------------------------------------
Feature: KULIA_advanced_com Version: 14.0 Vendor: MAGNAECS
Start date: 2018-10-24 Expire date: 2020-10-31
Key type: EXCLUSIVE License sharing: VIRTUAL

0 of 2 license(s) used
----------------------------------------
Feature: KULIA_advanced_optimize Version: 14.0 Vendor: MAGNAECS
Start date: 2018-10-24 Expire date: 2020-10-31
Key type: EXCLUSIVE License sharing: VIRTUAL

0 of 2 license(s) used
----------------------------------------
Feature: KULIA_base Version: 14.0 Vendor: MAGNAECS
Start date: 2018-10-24 Expire date: 2020-10-31
Key type: EXCLUSIVE License sharing: VIRTUAL

0 of 2 license(s) used
----------------------------------------
Feature: KULIA_drive_engine Version: 14.0 Vendor: MAGNAECS
Start date: 2018-10-24 Expire date: 2020-10-31
Key type: EXCLUSIVE License sharing: VIRTUAL

0 of 1 license(s) used
----------------------------------------
Feature: KULIA_drive_transient Version: 14.0 Vendor: MAGNAECS
Start date: 2018-10-24 Expire date: 2020-10-31
Key type: EXCLUSIVE License sharing: VIRTUAL

0 of 1 license(s) used
----------------------------------------
Feature: KULIA_hvac Version: 14.0 Vendor: MAGNAECS
Start date: 2018-10-24 Expire date: 2020-10-31
Key type: EXCLUSIVE License sharing: VIRTUAL

0 of 1 license(s) used
----------------------------------------
Feature: KULI_advanced_cfd Version: 14.0 Vendor: MAGNAECS
Start date: 2018-10-24 Expire date: 2020-10-31
Key type: EXCLUSIVE License sharing: VIRTUAL

0 of 2 license(s) used
----------------------------------------
Feature: KULI_advanced_com Version: 14.0 Vendor: MAGNAECS
Start date: 2018-10-24 Expire date: 2020-10-31
Key type: EXCLUSIVE License sharing: VIRTUAL

0 of 2 license(s) used
----------------------------------------
Feature: KULI_advanced_optimize Version: 14.0 Vendor: MAGNAECS
Start date: 2018-10-24 Expire date: 2020-10-31
Key type: EXCLUSIVE License sharing: VIRTUAL

0 of 2 license(s) used
----------------------------------------
Feature: KULI_base Version: 14.0 Vendor: MAGNAECS
Start date: 2018-10-24 Expire date: 2020-10-31
Key type: EXCLUSIVE License sharing: VIRTUAL

0 of 2 license(s) used
----------------------------------------
Feature: KULI_drive_engine Version: 14.0 Vendor: MAGNAECS
Start date: 2018-10-24 Expire date: 2020-10-31
Key type: EXCLUSIVE License sharing: VIRTUAL

0 of 1 license(s) used
----------------------------------------
Feature: KULI_drive_transient Version: 14.0 Vendor: MAGNAECS
Start date: 2018-10-24 Expire date: 2020-10-31
Key type: EXCLUSIVE License sharing: VIRTUAL

0 of 1 license(s) used
----------------------------------------
Feature: KULI_hvac Version: 14.0 Vendor: MAGNAECS
Start date: 2018-10-24 Expire date: 2020-10-31
Key type: EXCLUSIVE License sharing: VIRTUAL

0 of 1 license(s) used
----------------------------------------
Feature: KULI_lab Version: 14.0 Vendor: MAGNAECS
Start date: 2018-10-24 Expire date: 2020-10-31
Key type: EXCLUSIVE License sharing: VIRTUAL

0 of 2 license(s) used
----------------------------------------
Feature: KULI_pp Version: 14.0 Vendor: MAGNAECS
Start date: 2018-10-24 Expire date: 2020-10-31
Key type: EXCLUSIVE License sharing: VIRTUAL

0 of 2 license(s) used
LM-X End-user Utility v3.32
Copyright (C) 2002-2010 X-Formation. All rights reserved.

++++++++++++++++++++++++++++++++++++++++
LM-X License Server on 34005@DIRWIN001:

Server version: v4.9.3 Uptime: 15 day(s) 21 hour(s) 24 min(s) 30 sec(s)
----------------------------------------
Feature: ELASTOLOADS Version: 1.0 Vendor: MAGNAECS
Start date: NONE Expire date: 2020-09-30
Key type: EXCLUSIVE License sharing: VIRTUAL

0 of 2 license(s) used
----------------------------------------
Feature: FEMFAT Version: 5.4 Vendor: MAGNAECS
Start date: NONE Expire date: 2020-09-30
Key type: EXCLUSIVE License sharing: VIRTUAL

0 of 2 license(s) used
----------------------------------------
Feature: FEMFAT_HEAT Version: 5.4 Vendor: MAGNAECS
Start date: NONE Expire date: 2020-09-30
Key type: EXCLUSIVE License sharing: VIRTUAL

0 of 1 license(s) used
----------------------------------------
Feature: FEMFAT_MAX Version: 5.4 Vendor: MAGNAECS
Start date: NONE Expire date: 2020-09-30
Key type: EXCLUSIVE License sharing: VIRTUAL

0 of 2 license(s) used
----------------------------------------
Feature: FEMFAT_PARALLEL Version: 5.4 Vendor: MAGNAECS
Start date: NONE Expire date: 2020-09-30
Key type: EXCLUSIVE License sharing: VIRTUAL

0 of 450 license(s) used
----------------------------------------
Feature: FEMFAT_PLAST Version: 5.4 Vendor: MAGNAECS
Start date: NONE Expire date: 2020-09-30
Key type: EXCLUSIVE License sharing: VIRTUAL

0 of 2 license(s) used
----------------------------------------
Feature: FEMFAT_VISUALIZER Version: 5.4 Vendor: MAGNAECS
Start date: NONE Expire date: 2020-09-30
Key type: EXCLUSIVE License sharing: HOST USER VIRTUAL

0 of 2 license(s) used
----------------------------------------
Feature: FEMFAT_WELD Version: 5.4 Vendor: MAGNAECS
Start date: NONE Expire date: 2020-09-30
Key type: EXCLUSIVE License sharing: VIRTUAL

0 of 2 license(s) used
----------------------------------------
Feature: HARMONIC Version: 1.0 Vendor: MAGNAECS
Start date: NONE Expire date: 2020-09-30
Key type: EXCLUSIVE License sharing: VIRTUAL

0 of 2 license(s) used
